nohup: ignoring input
▄▄▄▄▄▄▄▄▄▄▄▄▄▄▄▄▄▄▄▄▄▄▄▄▄▄▄▄▄▄▄▄▄▄▄▄▄▄▄▄▄▄▄▄▄▄▄▄▄▄▄▄▄▄▄▄▄▄▄
█ ▄▄▄▄▄ █▀▄▀▄▀▀▀ ▄▀█ ▄▄██▄ ▄▀█▄▄▀▀█▄▄█▄  ▀█  ▄█▄ ██ ▄▄▄▄▄ █
█ █   █ █▄ ▀ ▄▀▄▄▄██▀████▄██ █▀ ▄▄██▀█▄ ██▄█▄█▀▄ ██ █   █ █
█ █▄▄▄█ █  ▀▄█▀▀██ ▀▀█  ▀▄  ▄▄▄  ▀ █▄▀▀ █▀▀ ██ ▀▄██ █▄▄▄█ █
█▄▄▄▄▄▄▄█ ▀ ▀▄█▄▀ ▀ ▀ █ ▀▄█ █▄█ ▀▄█▄█ ▀▄█▄▀ █ ▀ █ █▄▄▄▄▄▄▄█
█ ▄█ ██▄ █▀▄▀  █▄▄▀ █▄▄▄▀█▄▄▄▄ ▄██ ▄▄ █▄█ ██ ▀█████▄▄▄▀▄▄██
█▀ █▄▀▄▄▀██▄▄▀▀█ █▀▄▄▄  █ ▄ █▀ ▀ ▄█▄▀█▄█▀▀██▄▀██▀▀█▀ ▀▀█▀ █
█▀▄▄▄█ ▄█ ▀█▄█▄██ █▄ ▄ ▀█▄█▄▄ █▀  █▀▄▄ ▄▄▄ █▄ █▀▄▄ █▄▄█▄▀▀█
█▄▀▄  █▄▄██▄▀█▀ ▄▄███▄▄ █▀▀█▀▄ ▄ █▀▄█▄▄ █ ▀▀█ ▀ █ ▀█ ▀▄█▀▀█
█▀▀ ▄██▄▄▀▀▄ ▀█▄██▄▄▄  ▀▀▄▀▀   ▄█▄▀█▄▄█▀▀██▄▄ █▄▀▄█▀▄▀▄▀▀▀█
█ ▄▀██▀▄▄  █▄▄▀▄ ██▄█▀▀██▀▀█ ██▄▀ ▄█▀█▄▄ ▄▄██▀█▄▄▀ ████▄▄ █
█▀██▄▄▄▄▄█▀▄ ▄███ ▄  █ ▄▄ ▄   ▄█ █▄█▀▄█▄▄ █▄▀▀█▄▀█ █▀  ▀▄▀█
█▄▄▄▀▄▄▄ ▀█▀█▄▀ █  █▀ ▀▄▀▀▄█▄▄██▀▀▄ ▄   ▄▄▄▀ ▀ █ ██▀▄█▄▄▄▄█
██ ▀▄ ▄▄█▄█▄█▀▄ █▀█ ██▄ ▄██▄▄ ▄▄▄▀▀ ▄  ▄  ██▄▄▄▀██ ▄▄  █ ██
█▀▀▄▀ ▄▄▄  █ ▄█ ▀▀▀▀▄▀█▄█▄  ▄▄▄ ▄ ▄▀▄▀ ▀▀██▄███▄█ ▄▄▄ ▄▄ ██
██  █ █▄█ ▀█ █▄██▄▄██ ██▀█▄ █▄█ ▀ █▄ ▄▄▀▄▀▀▄█▄▄█▀ █▄█ ▄▀  █
█ ▀  ▄ ▄▄ █▄█▄█▀▄▄▀██▄█ ▀▀▄▄  ▄▄█▀▄██ ▄ ▀█▀▄  ██▀  ▄▄ █▄▄ █
█▀▄▄▄▀▄▄▀ ▄▄▀▄█▄█▄▀▄█▄▄ ▄▄ ▄▄█▄▄ █ ▄  █▄▄▄▀█▄▀██▄▀ ▀██▄█▄ █
█▄▀█▀█▄▄▀▀█▄  ▀▄▀▄███ ▄██▄▀▄ ▄▀▄ ▄▀▄ █▄█▀▀▄▀█ █▄▀ ▀▄▀▄▀██▄█
█▄▀█▀██▄███▄▀██▄   ▄▀ ▄  ▄█▄  ▄▀ ▄▄▀▄  ▄▄ ██ ▄▄ ███▄█▀▀▄▄▀█
█▀▀█▀ █▄█▀▄ ▄█▀█ ▄ ▄█ ██▀▄   ▄▀ █▄ █▀ ▀██▄ ▄██▄▄▄  █▄▀▄█ ▄█
█▀▄█▄  ▄▄▄▄▀▄▄█ █▄ ▄▀▀▄█▄█ ▄█▄██▄  ██ ▀ ▄█ ██ ▄██ ▄▀▄█▄▄▄▄█
█ █ ▄  ▄█▄▄▀█▄ █▀██▄▄▄ █▀ █ ▀▀ ▄█ ▀  ▄▄▀ ██▀▀▀▄▄▄  ▄ ▄█▄▄ █
█▀▀  ▀▄▄▄▄▀█▀ ▄▀█▄▄▄▄▄ █▄▄▀▀██ ▀ ██▄▀ ▀▄▀▄██▀██▄ ▀▀ ▄█ ▄ ██
█ ▀ ▀▀▄▄ ▄▀ █ █ ▀▄  ▄  ▀▀ █▀▀▀▄ ▄██ █▄ ▀▄▄█▄█▄▄█▀▀█▄▄█ ▄█ █
███████▄▄▀▄▄█▄▀▀ ▀▄▄ ▄  ▄▄█ ▄▄▄   █ ▄ ▄▄▄ ▄▄▄ █▀█ ▄▄▄ ███▄█
█ ▄▄▄▄▄ █▄▄▀  █▄▀▀  ██ ▄▀▀  █▄█ █▀▄█▄   ▀  ▀ ▄▀ ▀ █▄█ ▄▄ ██
█ █   █ █▀  ███▀█▀  ▀  █▀ ▀ ▄▄  ▀ ██  ▄▀▄▀ ▄█ ███▄    █▀▀▀█
█ █▄▄▄█ █▀▀▄▄ ▀███ ▄▄▄█ █▀██▄ █▀█████▀█ ▀█▀▄  ▄ ▄  ▄▄ ▄▄█▄█
█▄▄▄▄▄▄▄█▄██▄▄▄▄▄▄█▄██▄▄██▄█▄█▄▄▄▄██▄▄▄█▄▄████▄▄▄▄█▄▄▄▄█▄██

[00:05:32] [32mINFO[39m (ticobot-whatsapp/869139): [36mEscanee el código QR para iniciar sesión.[39m
[00:05:32] [34mDEBUG[39m (ticobot-whatsapp/869139): [36mNo hay recordatorios pendientes por enviar.[39m
[00:05:32] [32mINFO[39m (ticobot-whatsapp/869139): [36mServicio de recordatorios iniciado[39m
    intervalMs: 30000
[00:06:02] [34mDEBUG[39m (ticobot-whatsapp/869139): [36mNo hay recordatorios pendientes por enviar.[39m
▄▄▄▄▄▄▄▄▄▄▄▄▄▄▄▄▄▄▄▄▄▄▄▄▄▄▄▄▄▄▄▄▄▄▄▄▄▄▄▄▄▄▄▄▄▄▄▄▄▄▄▄▄▄▄▄▄▄▄
█ ▄▄▄▄▄ █▀▄▀▄▀  ▄▄▀█▄▄▄▄▄▄ ▄▀█▄▄▀▀█▄▀█ ▄▀▄▄ ▄▀█▄ ██ ▄▄▄▄▄ █
█ █   █ █▄ ▀▄▄▀▄▄▄██▀▄██▄███ █▀ ▄▄██▄█▄  █▄██▄▀▄ ██ █   █ █
█ █▄▄▄█ █ ▄█ ▄▀▀██ ▀▀█  ▀▄  ▄▄▄ █  █▄▄▀  ▀▀ █  ▀▄██ █▄▄▄█ █
█▄▄▄▄▄▄▄█ █▄▀▄█▄▀ ▀ ▀ █ ▀▄█ █▄█ ▀▄█▄█ ▀▄█▄▀ █ ▀ █ █▄▄▄▄▄▄▄█
█ ▄█ ▀▀▄ █ ▀▄█ █▄▄▀ █▄▄▄▀█▄▄▄▄ ▄██ ▄▄ █▄█ ██ ▀████▀▄  ▀▄▄██
█▀ █▄ ▄▄ ▄ ▄ █▀█ █▀▄▄▄  █ ▄▀█▀ ▀ ▄▀ ▀█ █▀▀▀█▄▀█████▀ █▀█▀ █
█▀▄ ▀█ ▄ ▄█▀▄█▄██ █▄ ▄ ▀█▄██ ▄█▀  █▀▄▄ ▄▄▄██▄ █  █ █  ▀ ▀▀█
█▄█ ▀ █▄█▄█▄▀█▀ ▄▄▄ █▄███▀▀█ ▄   █▀██▄▄██  ▀▀ ▀ █▀▀█▀▀ █▀▀█
█  ▀▄██▄▄▀▀▄ ▀█▄▄▄ ▄▄▀ █▀█▀▀  █▄█▄▀█▄▄▀▀██▀▄▄ ▄█▀▄█▀▄▀▄▀▀▀█
█ ▄▀███▄▄  █▄▄▀▄▄▄█▄██▀█ █▀█ ████▄▄█ ▀▄██ ▄▄▄▄██▄▀▄▀███▄▄ █
█▄ █▄ ▀▄▄█▀▄▄████ ▄  █ ▄▄ ▄   ▄█▄▀▄█▀ █▄ ▄█▄▄▀█▄▀█▄▄▀  ▀█▀█
█▄▄▄▀ █▄ ▀▄▄▄ ▀ █  █▀ ▀▄▀▀▄█▄▄██  ▄ █   ▄▄▄▀   █ █▀▀▄▀▄▄▄▄█
██ ▀▄▀▀▄▀▄██▄▀▄▄█▀█ ██▄ ▄██ ▄ ▄▄▄▀▀ ▄  ▄  ██▄▄▄▀▄█▀█   █ ██
█▀▀▄▀ ▄▄▄ ▄    ▄▀▀▀▀▄▀█▄█▄▀ ▄▄▄ ▄  ▀▄▀ ▀▀██ ██▀   ▄▄▄ ▄▄ ██
██    █▄█ █  █▀▀█▄▄██ ██▀█  █▄█ ▀ █▄ ▄█ ▄▀▄██▄▄▄  █▄█  █  █
██  ▀ ▄▄ ▄█▄█▄█▀▄▄▀ █▄██▀▀▄   ▄▄█▀▄█▀▄ ▄██▄█ ▄██▀  ▄ ▄▄█▄ █
███▄▀▀▄▄ ▄▄▄▀▄█▄██▀▄ ▄█ ▀█ ▄██▄▄ █ ▄█ █▄  ▄▄▄▀▀█ ▀ ▀▄▄█▄  █
████▀█▄▄█ █▄  ▀▄▄ ███▄▄██▄▀▄▄█▀▄▄ ▀▄█▀█▄▀ █ ▀█▄▄▀ ▀▄▀█▀█▀▄█
█▄▄█▀██▄███▄ ▄█▄   ▄▀ ▄  ▄█▄  ▄▀  ▄▀   ▄▄▄██ ▄▄ ███▄█▀▀▄█▀█
█▀▀█▀ █▄█▀  █▄█  ▄ ▄█ ██▀▄   ▄▀ ▄█ █▀ ▀█▄▄ ▄█▄▄▄▄  █▄▀▄█ ▄█
█▀▄█▄▀▄▄▄▄▄▀ ▄ ▀█▄ ▄▀▀▄█▄█ ▄█▄██▄  ██ ▀ ▄█ ██ ▄██  █▄█ ▄▄▄█
█ █ ▄  ▄█▄█ █▄  ▀██▄▄▄ █▀ █ ▀▀ ▄█ █  ▄ █ █▀▀▀▀▄   ▄  ▄██▄ █
█▀▀██▄█▄▄█▀ ▀  ██▄▄▄▄▄ █▄▄▀▄██ ▀ █▄▄▀  ▄▀▄▄▄▀█▄█▄▄▄▀██▀▀ ██
█ ▀ ▀▀▄▄▀▄▀ █ █ ▀▄█ ▄ ▀▀▀ ▄█▀▀▄ ▄██ █▄▀▀  █▄▀▄▀█  █ █  ▄█ █
███████▄█▀▄▄█▄▀▀█ ▄ ▀█▀▄ ██ ▄▄▄   █ ▄▄█▄  ▄▄ ▄█▀█ ▄▄▄ ███▄█
█ ▄▄▄▄▄ █▄▄▀  █▄█▄  ▄  ▄▀   █▄█ ▀█▄█ █  ██   ▀▀   █▄█ ▄▄ ██
█ █   █ █▀  ▄██▀█▀  ▀  █▀ ▀ ▄   ▀▄██▄ ▄▀▄▀ ▄█▄███▄  ▄ █▀▀ █
█ █▄▄▄█ █▀▄▀█▀▄ ██ ▄▄▄█ █▀██▀▄█▀█▄██▄ █ ▀▄▀▄ ▀▄ ▄  ▄ ▄▄▄█▄█
█▄▄▄▄▄▄▄█▄███▄▄█▄▄█▄██▄▄██▄███▄▄▄▄██▄▄▄█▄▄████▄▄▄▄█▄▄▄▄█▄██

[00:06:31] [32mINFO[39m (ticobot-whatsapp/869139): [36mEscanee el código QR para iniciar sesión.[39m
[00:06:32] [34mDEBUG[39m (ticobot-whatsapp/869139): [36mNo hay recordatorios pendientes por enviar.[39m
▄▄▄▄▄▄▄▄▄▄▄▄▄▄▄▄▄▄▄▄▄▄▄▄▄▄▄▄▄▄▄▄▄▄▄▄▄▄▄▄▄▄▄▄▄▄▄▄▄▄▄▄▄▄▄▄▄▄▄
█ ▄▄▄▄▄ ██▄█▄▀▄▀  ▀▄▄ █▀▀▄▄▄▀▀▄▄█▀  ▀▀▄ █▀█   █▄ ██ ▄▄▄▄▄ █
█ █   █ █▄ ▀█ ▀█▄▄▄█ ███▄▄█▄ █  ▄████▄▄▀▄███ █▀▄ ██ █   █ █
█ █▄▄▄█ ██▄ ▀  ██▄▄▀ ▀ ▀█▄▀ ▄▄▄  ▄ ▄▄█ ▄ ▀█ ▄  ▀▄██ █▄▄▄█ █
█▄▄▄▄▄▄▄█ ▀ █ ▀▄▀▄▀ █ █▄▀▄▀ █▄█ █▄█ █ █▄█ ▀ ▀ ▀▄█ █▄▄▄▄▄▄▄█
█ ▄▄▀▄▄▄▄▄▄█ ▀ ▄▄▄  ██▄▄ █▄▄▄▄ ▄█▄ ▄█ ███ ▄█  ██▄▄▄▄▀█▀▄███
█▀▀▀▄  ▄▄▀▀▀▀█ ▀ ▄█▄█  ▀▀ ▄▄▀ ▄▀▀ ▀▀██▀▀▀ ▀███▀ ▄███▀ ██ ▄█
█▀ ▄ ▀ ▄  ▄▀▄█ ██▄█▄▄▄ ██▄▀▄ ▄█▀▄ ▀█▄▄██▄ ▄█   █▀█▄█▄ █▄█▀█
█▀ ▄█ ▄▄█▄█▄ █▀▀▄▄▄ ██▄▀▄▀▀▄ ▄█▄ ▄ █▄  █▀▄█▄██▄█▀▀▀▄  █▄▀ █
███▀▄▄▀▄██▀█▄▀▄  ██ ▀█▄ ██ █ ▀█▄▄  █▄▄ ▄▄ ██  █▄█▄▄█▄  ▀▄▀█
█  ▄▄██▄   ▀▄▄█▄█▄█▄█▄▀▀  ██ ▀█▄▀ ▄▀█ ▀█  ▄█▀▄█▀▄▀▄▀█▀█▄ ▄█
█▄ ▄▄█▀▄▄▄▀▄ ██▄█ █  ▄ ▄█ ▄▀  ██▄▄▄█▄▄██▀ ▄▄  █▄ █▄▄▀ ▀▀▄ █
█▄█ ▀▀▄▄▀▀▄▄▀▀█ █▀▄█ ▄▀██▀█▀▄█▀█▀█▄▀▀▀▀▄▄█ ▀ █ ▄▄███▄▄ ▄█ █
██▄▀▄█ ▄▄█ █▄▄▀ ███ ▀█▄▄▄█▀▄▄▄▄▄ ▀▀▄▄ ▄▄ ▄██ ▄▄███▄▄   █▄██
█▀▀█▀ ▄▄▄ █▄▄ ▄▄▀▀ ▀▄ █▄▄▄█ ▄▄▄ ▄▀▄██▀  ▀█ ▄█▄█▄  ▄▄▄ ▀▄ ▄█
██▀▀█ █▄█ ▀▀▄█▄▀██ █▄▄█▄███ █▄█  ▄▄▄▄▄ ▄▄ ▄█▄ █▄▄ █▄█  █▀▄█
█ ▀ █ ▄▄ ▄█ █▄▀▀▄ ██▀▄██▀▀ ▄ ▄▄▄▀▀▄ █  ▀▀█ ▄▄ ▀▀  ▄▄ ▄██  █
█▄▀██▀█▄█▄▄▄ ▄██▄▄ ▄▄▄  ██ █ ██▄ ▄ ▄ ▄▄█  ▄▄ ▄▄█▀   ▄███▄██
███▀▄▄ ▄█▄██▄   ▄▀▀█ █▄▄▄▀  ▄██▄▀▄▀█▄█▄▀ ▄▀▀▀▀▄▄▄   █▄██  █
█ ██▀▀█▄▀██  ▄▀▄ ▄ ▄█ ▄▄ ▄▀▄ ▄▀▀▄▄▄█▄ ▄▄ ▄██▄▄▄▄██▀▄██▀▄▀ █
█▀▀▄▀ ▄▄█   ▀ ▀▀ ▄▀▄█▀██ ▄ ▀ ▄▄▄█▄ █  ▀▄██▀▄█▄▄▄█  ▄▄▀██ ██
█▀█▀▄ ▀▄█ █▀▄▀▀███▄▄ █▄▄ █▀ ██▀██▄ ▄▀  ▄▄▄▄█▄▄▄▄▀ █▀▄▄ ▄█ █
█ ▀ ▄▄ ▄▀▄▄▀████▀▀█▄ ▄ ▀▀ ▀ ▀█ ▄▀ █▄ ▄▄█ ▀▀██▀▄ ▄  ▄  ▄█  █
█▀▀  ▀ ▄█ ▀▄  ▄▄█▄█▄▄█ ██▄▀▀██▀▀ ▄▄▄  ██▀▄▀▄▀▄ █▀▄▀ ▄▄ ▀ ▄█
█ ▀ ▀▀▄▄ ▀▀▀▀ ▄▄▀█▀██▄▄▀█ ▄█▀   █▀▄▀▀▄██ ▀ █▄▄ ██ ▄ ▄█▄█▄▄█
███████▄▄▀▄ █▄█▀▀█  ██▄ ██▀ ▄▄▄ ▄ █▄▄  ▄▄▄▄▄▄  ██ ▄▄▄ ███ █
█ ▄▄▄▄▄ █ ▄▀▀ ███▄▀  ▄ ▄ ▄  █▄█ █ ▄█▄  ▀▀█ ▀ █▀▀▄ █▄█ █▄▀▄█
█ █   █ █▄ ▀▄█▄██ ▄  ▄ ▄█  ▄▄▄▄  ▄█▄  ██  ▄▄ ▄█▄▀▄ ▄▄▄▀▀▀▄█
█ █▄▄▄█ █  ▀ ▄█▀█▀ ▄ ▄█▄█▀▀█ ▄█▀▀██▀█▀▀ ▀ ▀▄▄ ▄▄▄ ▄▄▄▄▄▄▀▄█
█▄▄▄▄▄▄▄█▄███▄▄█▄▄▄▄█▄▄▄▄█▄▄▄▄█▄▄████▄▄▄▄▄▄██▄▄▄█▄███▄██▄▄█

[00:06:51] [32mINFO[39m (ticobot-whatsapp/869139): [36mEscanee el código QR para iniciar sesión.[39m
[00:07:02] [34mDEBUG[39m (ticobot-whatsapp/869139): [36mNo hay recordatorios pendientes por enviar.[39m
▄▄▄▄▄▄▄▄▄▄▄▄▄▄▄▄▄▄▄▄▄▄▄▄▄▄▄▄▄▄▄▄▄▄▄▄▄▄▄▄▄▄▄▄▄▄▄▄▄▄▄▄▄▄▄▄▄▄▄
█ ▄▄▄▄▄ █▀▄▀▄▀▀▀ ▄ ▄  ▄█   ▄▀█▄▄▀▀  █▄      █ █▄ ██ ▄▄▄▄▄ █
█ █   █ █▄ ▀▄▄▀▄████▀███▄███ █▀ █▄██▄█▄ ▄█▄███▀▄ ██ █   █ █
█ █▄▄▄█ █ ▄██▄▀▀██ ▀▀█  ▀▄  ▄▄▄  ▀ █ █▀ ▄▀▀    ▀▄██ █▄▄▄█ █
█▄▄▄▄▄▄▄█ █ █ █▄▀ ▀ ▀ █ ▀▄█ █▄█ ▀▄█▄█ ▀▄█▄▀ █ ▀ █ █▄▄▄▄▄▄▄█
█ ▄█ ██▄ ▀▄█▄  █▄▄▀ █▄▄▄▀█ ▄▄▄ ▄██ ▄▄ █▄█ ██ ▀██▄▄▀▄▄ ▀▄▄██
█▀ █▄▀█▄███ ▄ ▀█ █▀▄▄▄  █  ▀██ ▀ ▄█▄▀█ ▀▀▀█▀▄▀▀▀▀██▀█ ▀█▀ █
█▀▄ ▀█ ▄▄▀██▄█▄██ █▄ ▄ ▀█▄▄█▄▄█▀  ▄ ▄▄██▄▄█▄▄ ▀▀█▄ ██▄█▄▀▀█
█ ▀▀▀ █▄███▄▀█▀ ▄▄▀ █▄▀▄█▀▀█ ▄▄▄ █▄█▀▄▄▄▀▄ ██  █ █▀█▀▀▄█▀▀█
█▀█▄▀██▄▄▀▀▄ ▀█▄▄▄▀ ▄▀ █ ▄▀▀  ▀▄█▄ █▄▄▄▀ █▀██▄█▄▀▄█▀▄▀█▀▀▀█
█▀▀  ▀▀▄▄  █▄▄▀▄ ▀█▄ ▄▀█ ▄▀█ ██▄▀▄▄██▀██▀ █▄▀▀▄█▄▀ ████▄▄▄█
█  █▄▀ ▄▄█▀▄▀ ███ ▄  █ ▄▄ ▄   ▄█ ▀▄█ ▄█▄▄▄█▄▀▀█▄▀█▄▄▀  ▀▄▀█
█▄▄▄▀▄█▄ ▀█████▄█  █▀ ▀▄▀▀▄█▄▄██ ▀▄ █▀  ▄█▄▀ ▀ █ █▀▄ ▀▄▄▄▄█
██ ▀▄▀█▄ █▀▀█   █▀█ ██▄ ▄██▄▄ ▄▄▄▀▀ ▄  ▄  ██▄▄▄▀ █▀▄▄▄ █ ██
█▀▀▄▀ ▄▄▄ ▄███  ▀▀▀▀▄▀█▄█▄█ ▄▄▄ ▄  ▀▄▀ █▀█▀▄███▄█ ▄▄▄  ▄ ██
██ ▀▄ █▄█ ▄▄ █ ▀█▄▄██ ██▀█  █▄█ ▀ ▄█ ▄ ▀▄▀▀██▄▄▄▄ █▄█ ▄█  █
█▀▄█▄ ▄▄▄ █▄█▄█▀▄▄█▄█▄▀█▀▀▄   ▄▄█▀██▀▄ ▀█▀▀█▄  ▄   ▄ ▄▄█▄ █
█ ▀▄▀▀▄▄ █▄▄▀▄█▄ █▀▄██ ▄█▄ ▄▄▄▄▄ █ ▄█▄██▄ █▄▀▀▄▄ ▄ ▀█▄▄█ ▄█
█▄▀▀▀█▄▄▄▄█▄  ▀▄  ██ ▀▄██ ▀▄▀█▀▄ ▄▀▄▀ ▄▄▀▀▄ ▀ █▄▀ ▀▄ █▀██▄█
█▄▄█▀██▄███▄ ██▄   ▄▀ ▄  ▄█▄   █ ▄▄▀▀▄ ▄  ██▄▄▄ ███▄█▀▀▄█ █
█▀▀█▀ █▄█▀▄█ █   ▄ ▄█ ██▀▄   ▄▀ ▄█ █▀▀▀█▄█ ▄█▄▄▄▄  █▄▀▄█ ▄█
█▀▄█▄█ ▄▄▄ █  ▄██▄ ▄▀▀▄█▄█ ▄█▄██▄  ██ ▀ ▄█ ██ ▄██ ▄ ▄█▄ ▄▄█
█ █ ▄ ▄▄█▄ ▄▄██▄▀██▄▄▄ █▀ ▀ ▀▀ ▄█ █▄ ▄▄█ ██▀▀▀  ▄█ ▄ ▄█▄▄ █
█▀▀▀█▀ ▄▀▄█▀▀ ▀▀█▄▄▄▄▄ █▄▄▀███ ▀ ██▄▀ ▄█▀▄▄▄▀█ █▄█▀ █▄▀▀ ██
█ ▀ ▀▀▄▄▄ ▀ █ █ ▀▄▄▄▄ ▄▀▀ ██▀▀▄ ▄█▄ ▀ ▀ ▄ █ ▀▄  ▀█▀▄▄▀ ▄█ █
███████▄█ ▄▄█▄▀▀█  ▄▄█ ▄▄██ ▄▄▄   █  ▄██▀▄▀▄▄▄█ █ ▄▄▄ █▄█▄█
█ ▄▄▄▄▄ █▄▄▀  █▄▀   ▀▀ ▄▄▄  █▄█ ██▄█▀▄    ▀▀ ▀ ▀█ █▄█ ▄▄▄▀█
█ █   █ █▀  ▄██▀█▀  ▀  █▀ ▀ ▄   ▀ ██ ▄▄▀▄█ ▄█ ███▄  ▄ █▀▀ █
█ █▄▄▄█ █▀▀█  ▀▀██ ▄▄▄█ █▀██▀▄█▀█▄███▀█ ▀█▀▄▀ ▄ ▄  ▄▄▄▄▄█▄█
█▄▄▄▄▄▄▄█▄▄█▄█▄▄▄▄█▄██▄▄██▄█▄▄▄▄▄▄██▄▄▄█▄▄████▄▄▄▄█▄█▄▄█▄██

[00:07:11] [32mINFO[39m (ticobot-whatsapp/869139): [36mEscanee el código QR para iniciar sesión.[39m
▄▄▄▄▄▄▄▄▄▄▄▄▄▄▄▄▄▄▄▄▄▄▄▄▄▄▄▄▄▄▄▄▄▄▄▄▄▄▄▄▄▄▄▄▄▄▄▄▄▄▄▄▄▄▄▄▄▄▄
█ ▄▄▄▄▄ █▀█▄ █  █▀█  █▄▀   █    ▀ ██   ▀▀▀▄ ▄ ▄▄ ██ ▄▄▄▄▄ █
█ █   █ █▀▀ █▄█▄▄▄ ▀█▄▄▄  ▀█▀▄▄▄ █▄▄ ▀  ▀▄▀▀ █ ▄ ██ █   █ █
█ █▄▄▄█ █▀▀██▄▄▄▄█ █▄ ▀ ▀ █ ▄▄▄ ▀▄▀█ █▄█▀▀▀▄██▀▀▄██ █▄▄▄█ █
█▄▄▄▄▄▄▄█▄█▄▀ █▄▀▄█▄▀ █▄█ █ █▄█ ▀▄█ ▀▄▀▄█ █▄█ ▀▄▀▄█▄▄▄▄▄▄▄█
█▄ ▄ ▄█▄  ▄█  ▄███▄▄▀▄██▄▀ ▄▄▄▄ ▀█▀█▀▄▀▄▄▀ ▀▄▀▄▄ ▀ █ █▄▀ ██
███ █▀▄▄ ██▄▀ ▄ ▀█▀ ▀▀▀ █▄▀█ ▀ ██▀▄▄▀▀█  ▀█▀▀▄▄█▀▀ ▄█▄▀▀▄██
██▄ ▄ ▄▄▄▄ ▀ ▀▄▄▄█▀  █▀▄▀ █▄▀█▀█ ▀█▄  ▀██▀▀▀▄▀▄█▀▀ ▄█▀█ ▀ █
██   ▀ ▄▀▄▄█▄▀█ ██▀▄▀▄ ▀ ███ █▀ ▄██▄▄▄█  ██▄█▄▀  ▄██ ▀▄▀█▀█
██ ▄███▄▀▄ ▄ █ ▀▄▄ ▄ ▄▄▀▄▀▄▄▀    ▀▀█ ▄▀▄██   ▀▄█▀  ▄█▀▄█▄▄█
█▄▄ ▀ █▄▄▀▀   ▀█ ▄▀ ▄█  ██▀▄▀ ▀▀█▀█ ▄██▄█▀▀▀ ▄▄  █ ▄▄ ▀ ▄██
█ ███▀▀▄ █ ██▀▀█▄▀▀▄▄█▀█▀▄  ▀▀▀▀ ██▄█▄▀▄ ▀  ▄█▄█▄▀ ▄ ▀██▀ █
█ ▀▀ █▀▄▀▄▄  ██▀▄  ▀▄█ ▄▀█▀ █▄█▀███ ▄▄████▄██▄▀█ ▀▀▄▀█▄ ▀▀█
█▀  █  ▄▄█▄▀▀ ██▄▄▀▄█▄██ ▀█▀██  ▄  █ ▄ █▀█▀▀▄██▄ ▀▀▄██▄▀ ▄█
███▄  ▄▄▄  ▄▀▄▄▀  ▄█ ▀▄█  █ ▄▄▄   ▀▄▀█ █ ▄▄▄▀█ █  ▄▄▄ ▀ ▄██
█▀█▀  █▄█ ▄▄ ▀█▀▄▄▄▀ █▄█▀▀█ █▄█ ▄██▄  ▀▄█▀▄  ▀ ▄▄ █▄█ ▄▀███
█ ▄  ▄ ▄▄ ▄▀▀ █ █▀▄▄███▀██▄  ▄  █ █ █▄▄▀▄  █▄█▀ █▄ ▄▄▄  ▄▀█
█▄█   ▀▄▀▄██▄ ▀▄▄█▄▄▀███▀ ▄▄▀▄▀ ▄█▀█   █▀▀ ▀▄▀▄██ ▄▀▄▄ ▀ ▄█
█ ▄▀ █▄▄▀▀▄▄ ▄▄▀███▀  ███▀▄▀▄█▀ █▀ ▄▀▄ ▀▄▀▄█ █▄█▀▄▄▀▄▀▀▀ ▀█
███▄  ▀▄█▄▄▀▄▀██▀█▄ ▀▀██▄ ██▀█▀▄▄▀█▄▀▄ █▀▀▀▀▄▀██▀▀██▄▄█ ▄▀█
████ ▀ ▄▀▀▀▄█▀▀ ▀██ ▀ ▄▄▄ ▄ ▀█▄▄▀█▀▄███████ ▀▄██▀▄▄██ ▀▀▄▄█
██▀ █ █▄▀▀▀ ▀█▀ ▄▄  ▄▄██▄▀█▀▄▄█▀▀█▀██▄▄███ ▀ ████▄▄▀██  ▀▀█
█▄█▀██▀▄██▀▀▄██▀  ▀ ▄█▀ █▄▀▀ ▄▄ █▀▄█▄  ▄▀ ██▀ ▀▀▄█▄█▀▀ ▀▄▀█
███  ▄▀▄▄█ █▄▄▀▀▄█▀  ▄▀▄▀ ██▄▄██▄█▄▄▄▄ ▄ █  ██▄██▄▀█▄█▄▀▄██
█ ▀ ▀▀▄▄▀▄  █▄ █ ▄▄ ▀███▀▄ ▀ ▀▄▄▀ ▄ ▀ ▀█▀▄▀▀ ▀▀▄▀█▄█▄▄▀▀ ██
███████▄▄ █▀▀ ▀ ██▄ ▀█▀▀▀▀█ ▄▄▄  ▀▄█▄▄ ▄██▀▀▀▀█▄█ ▄▄▄  ▀███
█ ▄▄▄▄▄ █▄█ █▄▀▄▀▀█▄ █▀█▄ ▄ █▄█ ▀▀█▄▄ █  ▄█▄ ▄ ▀  █▄█ ▀ ▄██
█ █   █ █ ▀  ▄ ▄▄▀ ▄▄█▀█▀▄▄▄▄  ▄▀█▄█  ▀▄██   █▄█▄ ▄▄ ▄█████
█ █▄▄▄█ █ ▄███▄█▄ ▄ ▄█▄█▀██▄ █▀███▄ ▀██▀▀▀█ ▀▀██ ▄ █▀█  ███
█▄▄▄▄▄▄▄█▄███▄▄███▄▄████▄█▄█▄▄█▄▄▄▄▄█▄▄███▄██████▄█▄▄▄██▄██

[00:07:31] [32mINFO[39m (ticobot-whatsapp/869139): [36mEscanee el código QR para iniciar sesión.[39m
[00:07:32] [34mDEBUG[39m (ticobot-whatsapp/869139): [36mNo hay recordatorios pendientes por enviar.[39m
[00:07:59] [32mINFO[39m (ticobot-whatsapp/869139): [36mCliente de WhatsApp listo.[39m
[00:08:02] [34mDEBUG[39m (ticobot-whatsapp/869139): [36mNo hay recordatorios pendientes por enviar.[39m
[00:08:04] [32mINFO[39m (ticobot-whatsapp/869139): [36mMensaje entrante de WhatsApp[39m
    from: "50670302470@c.us"
    body: ""
[00:08:17] [32mINFO[39m (ticobot-whatsapp/869139): [36mMensaje entrante de WhatsApp[39m
    from: "50672140974@c.us"
    body: "hola"
[00:08:27] [32mINFO[39m (ticobot-whatsapp/869139): [36mMensaje entrante de WhatsApp[39m
    from: "50672140974@c.us"
    body: "5"
[00:08:29] [32mINFO[39m (ticobot-whatsapp/869139): [36mMensaje entrante de WhatsApp[39m
    from: "status@broadcast"
    body: "Enagua short pretina ancha s m l xl"
[00:08:33] [34mDEBUG[39m (ticobot-whatsapp/869139): [36mNo hay recordatorios pendientes por enviar.[39m
[00:08:35] [32mINFO[39m (ticobot-whatsapp/869139): [36mMensaje entrante de WhatsApp[39m
    from: "50672140974@c.us"
    body: "hl"
[00:09:02] [34mDEBUG[39m (ticobot-whatsapp/869139): [36mNo hay recordatorios pendientes por enviar.[39m
[00:09:12] [32mINFO[39m (ticobot-whatsapp/869139): [36mMensaje entrante de WhatsApp[39m
    from: "status@broadcast"
    body: "Palazo cargo tipo mezclilla  s m l xl"
[00:09:32] [34mDEBUG[39m (ticobot-whatsapp/869139): [36mNo hay recordatorios pendientes por enviar.[39m
[00:10:02] [34mDEBUG[39m (ticobot-whatsapp/869139): [36mNo hay recordatorios pendientes por enviar.[39m
[00:10:33] [34mDEBUG[39m (ticobot-whatsapp/869139): [36mNo hay recordatorios pendientes por enviar.[39m
[00:11:02] [34mDEBUG[39m (ticobot-whatsapp/869139): [36mNo hay recordatorios pendientes por enviar.[39m
[00:11:32] [34mDEBUG[39m (ticobot-whatsapp/869139): [36mNo hay recordatorios pendientes por enviar.[39m
[00:12:02] [34mDEBUG[39m (ticobot-whatsapp/869139): [36mNo hay recordatorios pendientes por enviar.[39m
[00:12:32] [34mDEBUG[39m (ticobot-whatsapp/869139): [36mNo hay recordatorios pendientes por enviar.[39m
[00:13:02] [34mDEBUG[39m (ticobot-whatsapp/869139): [36mNo hay recordatorios pendientes por enviar.[39m
[00:13:32] [34mDEBUG[39m (ticobot-whatsapp/869139): [36mNo hay recordatorios pendientes por enviar.[39m
[00:14:02] [34mDEBUG[39m (ticobot-whatsapp/869139): [36mNo hay recordatorios pendientes por enviar.[39m
[00:14:32] [34mDEBUG[39m (ticobot-whatsapp/869139): [36mNo hay recordatorios pendientes por enviar.[39m
[00:15:02] [34mDEBUG[39m (ticobot-whatsapp/869139): [36mNo hay recordatorios pendientes por enviar.[39m
[00:15:32] [34mDEBUG[39m (ticobot-whatsapp/869139): [36mNo hay recordatorios pendientes por enviar.[39m
[00:16:02] [34mDEBUG[39m (ticobot-whatsapp/869139): [36mNo hay recordatorios pendientes por enviar.[39m
[00:16:32] [34mDEBUG[39m (ticobot-whatsapp/869139): [36mNo hay recordatorios pendientes por enviar.[39m
[00:17:02] [34mDEBUG[39m (ticobot-whatsapp/869139): [36mNo hay recordatorios pendientes por enviar.[39m
[00:17:32] [34mDEBUG[39m (ticobot-whatsapp/869139): [36mNo hay recordatorios pendientes por enviar.[39m
[00:18:02] [34mDEBUG[39m (ticobot-whatsapp/869139): [36mNo hay recordatorios pendientes por enviar.[39m
[00:18:32] [34mDEBUG[39m (ticobot-whatsapp/869139): [36mNo hay recordatorios pendientes por enviar.[39m
[00:19:02] [34mDEBUG[39m (ticobot-whatsapp/869139): [36mNo hay recordatorios pendientes por enviar.[39m
[00:19:32] [34mDEBUG[39m (ticobot-whatsapp/869139): [36mNo hay recordatorios pendientes por enviar.[39m
[00:20:02] [34mDEBUG[39m (ticobot-whatsapp/869139): [36mNo hay recordatorios pendientes por enviar.[39m
[00:20:32] [34mDEBUG[39m (ticobot-whatsapp/869139): [36mNo hay recordatorios pendientes por enviar.[39m
[00:21:03] [34mDEBUG[39m (ticobot-whatsapp/869139): [36mNo hay recordatorios pendientes por enviar.[39m
[00:21:32] [34mDEBUG[39m (ticobot-whatsapp/869139): [36mNo hay recordatorios pendientes por enviar.[39m
[00:22:03] [34mDEBUG[39m (ticobot-whatsapp/869139): [36mNo hay recordatorios pendientes por enviar.[39m
[00:22:33] [34mDEBUG[39m (ticobot-whatsapp/869139): [36mNo hay recordatorios pendientes por enviar.[39m
[00:23:03] [34mDEBUG[39m (ticobot-whatsapp/869139): [36mNo hay recordatorios pendientes por enviar.[39m
[00:23:32] [32mINFO[39m (ticobot-whatsapp/869139): [36mRecibida señal de apagado, cerrando bot.[39m
    signal: "SIGTERM"
